c:\users\micha\desktop\notizblock\notizblock\debug\button.obj
c:\users\micha\desktop\notizblock\notizblock\debug\main.obj
c:\users\micha\desktop\notizblock\notizblock\debug\element.obj
c:\users\micha\desktop\notizblock\notizblock\debug\sidebar.obj
c:\users\micha\desktop\notizblock\notizblock\debug\tab.obj
c:\users\micha\desktop\notizblock\notizblock\debug\core.obj
c:\users\micha\desktop\notizblock\notizblock\debug\tabmanager.obj
c:\users\micha\desktop\notizblock\notizblock\debug\explorer.obj
c:\users\micha\desktop\notizblock\notizblock\debug\textbox.obj
c:\users\micha\desktop\notizblock\notizblock\debug\vc141.pdb
c:\users\micha\desktop\notizblock\debug\notizblock.ilk
c:\users\micha\desktop\notizblock\debug\notizblock.exe
c:\users\micha\desktop\notizblock\debug\notizblock.pdb
c:\users\micha\desktop\notizblock\notizblock\debug\vc141.idb
c:\users\micha\desktop\notizblock\notizblock\debug\notizblock.tlog\cl.command.1.tlog
c:\users\micha\desktop\notizblock\notizblock\debug\notizblock.tlog\cl.read.1.tlog
c:\users\micha\desktop\notizblock\notizblock\debug\notizblock.tlog\cl.write.1.tlog
c:\users\micha\desktop\notizblock\notizblock\debug\notizblock.tlog\link.command.1.tlog
c:\users\micha\desktop\notizblock\notizblock\debug\notizblock.tlog\link.read.1.tlog
c:\users\micha\desktop\notizblock\notizblock\debug\notizblock.tlog\link.write.1.tlog
